Xilinx Platform Studio (XPS)
Xilinx EDK 7.1.2 Build EDK_H.12.5.1

Copyright (c) 1995-2005 Xilinx, Inc.  All rights reserved.

At Local date and time: Mon Oct 23 18:18:40 2006
Command xbash -q -c "cd /cygdrive/d/mpdma/; /usr/bin/make -f system.make clean; exit;" Started...
rm -f implementation/system.ngc
rm -f implementation/system.bmm
rm -f implementation/system.bit
rm -f implementation/system.ncd
rm -f implementation/system_bd.bmm 
rm -rf implementation synthesis xst hdl
rm -rf xst.srp system.srp
rm -rf microblaze_0/lib/
rm -rf microblaze_1/lib/
rm -rf microblaze_2/lib/
rm -rf microblaze_3/lib/
rm -f mb-bmp2jpg/executable.elf 
rm -f mb-dct/executable.elf 
rm -f mb-vlc/executable.elf 
rm -f mb-cc/executable.elf 
rm -rf simulation/behavioral
rm -rf virtualplatform
rm -f _impact.cmd
Done.
No changes to be saved in XMP file
Xilinx Platform Studio (XPS)
Xilinx EDK 7.1.2 Build EDK_H.12.5.1

Copyright (c) 1995-2005 Xilinx, Inc.  All rights reserved.

No changes to be saved in XMP file
Project Opened.
No changes to be saved in XMP file
